<?xml version="1.0" encoding="UTF-8" ?>
<testsuite failures="0" time="1.932" errors="1" skipped="0" tests="1" name="com.amee.provenance.rdf2xmlTest">
  <properties>
    <property name="java.runtime.name" value="Java(TM) SE Runtime Environment"/>
    <property name="sun.boot.library.path" value="/usr/lib/jvm/java-6-sun-1.6.0.20/jre/lib/i386"/>
    <property name="java.vm.version" value="16.3-b01"/>
    <property name="java.vm.vendor" value="Sun Microsystems Inc."/>
    <property name="java.vendor.url" value="http://java.sun.com/"/>
    <property name="path.separator" value=":"/>
    <property name="java.vm.name" value="Java HotSpot(TM) Server VM"/>
    <property name="file.encoding.pkg" value="sun.io"/>
    <property name="user.country" value="GB"/>
    <property name="sun.java.launcher" value="SUN_STANDARD"/>
    <property name="sun.os.patch.level" value="unknown"/>
    <property name="java.vm.specification.name" value="Java Virtual Machine Specification"/>
    <property name="user.dir" value="/home/jamespjh/devel/amee/provenance/provenance-java"/>
    <property name="java.runtime.version" value="1.6.0_20-b02"/>
    <property name="java.awt.graphicsenv" value="sun.awt.X11GraphicsEnvironment"/>
    <property name="basedir" value="/home/jamespjh/devel/amee/provenance/provenance-java"/>
    <property name="java.endorsed.dirs" value="/usr/lib/jvm/java-6-sun-1.6.0.20/jre/lib/endorsed"/>
    <property name="os.arch" value="i386"/>
    <property name="surefire.real.class.path" value="/tmp/surefirebooter7897069739638384934.jar"/>
    <property name="java.io.tmpdir" value="/tmp"/>
    <property name="line.separator" value="
"/>
    <property name="java.vm.specification.vendor" value="Sun Microsystems Inc."/>
    <property name="os.name" value="Linux"/>
    <property name="sun.jnu.encoding" value="UTF-8"/>
    <property name="java.library.path" value="/usr/lib/jvm/java-6-sun-1.6.0.20/jre/lib/i386/server:/usr/lib/jvm/java-6-sun-1.6.0.20/jre/lib/i386:/usr/lib/jvm/java-6-sun-1.6.0.20/jre/../lib/i386:.::/usr/java/packages/lib/i386:/lib:/usr/lib"/>
    <property name="surefire.test.class.path" value="/home/jamespjh/devel/amee/provenance/provenance-java/target/test-classes:/home/jamespjh/devel/amee/provenance/provenance-java/target/classes:/Development/repository/org/openprovenance/opm-elmo/1.1.4-SNAPSHOT/opm-elmo-1.1.4-SNAPSHOT.jar:/Development/repository/org/openrdf/elmo/elmo-sesame/1.5/elmo-sesame-1.5.jar:/Development/repository/org/openrdf/elmo/elmo-core/1.5/elmo-core-1.5.jar:/Development/repository/org/openrdf/elmo/elmo-api/1.5/elmo-api-1.5.jar:/Development/repository/javax/persistence/persistence-api/1.0/persistence-api-1.0.jar:/Development/repository/jboss/javassist/3.7.ga/javassist-3.7.ga.jar:/Development/repository/org/slf4j/slf4j-api/1.5.0/slf4j-api-1.5.0.jar:/Development/repository/org/openrdf/elmo/elmo-repository/1.5/elmo-repository-1.5.jar:/Development/repository/org/openrdf/sesame/sesame-repository-api/2.3.0/sesame-repository-api-2.3.0.jar:/Development/repository/org/openrdf/sesame/sesame-query/2.3.0/sesame-query-2.3.0.jar:/Development/repository/org/openrdf/sesame/sesame-model/2.3.0/sesame-model-2.3.0.jar:/Development/repository/info/aduna/commons/aduna-commons-collections/2.6.0/aduna-commons-collections-2.6.0.jar:/Development/repository/info/aduna/commons/aduna-commons-concurrent/2.2/aduna-commons-concurrent-2.2.jar:/Development/repository/info/aduna/commons/aduna-commons-iteration/2.3/aduna-commons-iteration-2.3.jar:/Development/repository/info/aduna/commons/aduna-commons-i18n/1.2.0/aduna-commons-i18n-1.2.0.jar:/Development/repository/org/openrdf/sesame/sesame-rio-api/2.3.0/sesame-rio-api-2.3.0.jar:/Development/repository/info/aduna/commons/aduna-commons-lang/2.2/aduna-commons-lang-2.2.jar:/Development/repository/info/aduna/commons/aduna-commons-net/2.2/aduna-commons-net-2.2.jar:/Development/repository/info/aduna/commons/aduna-commons-text/2.2/aduna-commons-text-2.2.jar:/Development/repository/info/aduna/commons/aduna-commons-io/2.4/aduna-commons-io-2.4.jar:/Development/repository/org/openrdf/sesame/sesame-repository-event/2.2.4/sesame-repository-event-2.2.4.jar:/Development/repository/org/openrdf/sesame/sesame-repository-sail/2.2.4/sesame-repository-sail-2.2.4.jar:/Development/repository/org/openrdf/sesame/sesame-sail-api/2.3.0/sesame-sail-api-2.3.0.jar:/Development/repository/org/openrdf/sesame/sesame-queryalgebra-model/2.3.0/sesame-queryalgebra-model-2.3.0.jar:/Development/repository/org/openrdf/sesame/sesame-queryparser-api/2.3.0/sesame-queryparser-api-2.3.0.jar:/Development/repository/org/openrdf/sesame/sesame-repository-manager/2.2.4/sesame-repository-manager-2.2.4.jar:/Development/repository/org/openrdf/sesame/sesame-sail-memory/2.2.4/sesame-sail-memory-2.2.4.jar:/Development/repository/org/openrdf/sesame/sesame-sail-inferencer/2.3.0/sesame-sail-inferencer-2.3.0.jar:/Development/repository/org/openrdf/sesame/sesame-queryparser-serql/2.3.0/sesame-queryparser-serql-2.3.0.jar:/Development/repository/org/openrdf/sesame/sesame-queryalgebra-evaluation/2.2.4/sesame-queryalgebra-evaluation-2.2.4.jar:/Development/repository/org/openrdf/sesame/sesame-repository-http/2.3.0/sesame-repository-http-2.3.0.jar:/Development/repository/org/openrdf/sesame/sesame-http-client/2.3.0/sesame-http-client-2.3.0.jar:/Development/repository/org/openrdf/sesame/sesame-http-protocol/2.3.0/sesame-http-protocol-2.3.0.jar:/Development/repository/org/openrdf/sesame/sesame-rio-ntriples/2.3.0/sesame-rio-ntriples-2.3.0.jar:/Development/repository/info/aduna/commons/aduna-commons-xml/2.2/aduna-commons-xml-2.2.jar:/Development/repository/org/openrdf/sesame/sesame-queryresultio-api/2.3.0/sesame-queryresultio-api-2.3.0.jar:/Development/repository/commons-httpclient/commons-httpclient/3.1/commons-httpclient-3.1.jar:/Development/repository/commons-codec/commons-codec/1.3/commons-codec-1.3.jar:/Development/repository/org/slf4j/jcl104-over-slf4j/1.5.0/jcl104-over-slf4j-1.5.0.jar:/Development/repository/org/openrdf/sesame/sesame-rio-rdfxml/2.2.4/sesame-rio-rdfxml-2.2.4.jar:/Development/repository/org/openrdf/sesame/sesame-queryparser-sparql/2.2.4/sesame-queryparser-sparql-2.2.4.jar:/Development/repository/org/openrdf/sesame/sesame-rio-turtle/2.3.0/sesame-rio-turtle-2.3.0.jar:/Development/repository/info/aduna/commons/aduna-commons-platform-info/2.2/aduna-commons-platform-info-2.2.jar:/Development/repository/org/openrdf/sesame/sesame-repository-contextaware/2.2.4/sesame-repository-contextaware-2.2.4.jar:/Development/repository/org/openrdf/sesame/sesame-runtime/2.3.0/sesame-runtime-2.3.0.jar:/Development/repository/org/openrdf/sesame/sesame-queryresultio-binary/2.3.0/sesame-queryresultio-binary-2.3.0.jar:/Development/repository/org/openrdf/sesame/sesame-queryresultio-sparqljson/2.3.0/sesame-queryresultio-sparqljson-2.3.0.jar:/Development/repository/org/openrdf/sesame/sesame-queryresultio-sparqlxml/2.3.0/sesame-queryresultio-sparqlxml-2.3.0.jar:/Development/repository/org/openrdf/sesame/sesame-queryresultio-text/2.3.0/sesame-queryresultio-text-2.3.0.jar:/Development/repository/org/openrdf/sesame/sesame-repository-dataset/2.3.0/sesame-repository-dataset-2.3.0.jar:/Development/repository/org/openrdf/sesame/sesame-rio-n3/2.3.0/sesame-rio-n3-2.3.0.jar:/Development/repository/org/openrdf/sesame/sesame-rio-trix/2.3.0/sesame-rio-trix-2.3.0.jar:/Development/repository/org/openrdf/sesame/sesame-rio-trig/2.3.0/sesame-rio-trig-2.3.0.jar:/Development/repository/org/openrdf/sesame/sesame-sail-nativerdf/2.3.0/sesame-sail-nativerdf-2.3.0.jar:/Development/repository/org/openrdf/sesame/sesame-sail-rdbms/2.3.0/sesame-sail-rdbms-2.3.0.jar:/Development/repository/commons-dbcp/commons-dbcp/1.2.2/commons-dbcp-1.2.2.jar:/Development/repository/commons-pool/commons-pool/1.3/commons-pool-1.3.jar:/Development/repository/org/openrdf/elmo/elmo-codegen/1.5/elmo-codegen-1.5.jar:/Development/repository/org/openrdf/elmo/elmo-owl/1.5/elmo-owl-1.5.jar:/Development/repository/org/openrdf/elmo/elmo-rdfs/1.5/elmo-rdfs-1.5.jar:/Development/repository/commons-cli/commons-cli/1.0/commons-cli-1.0.jar:/Development/repository/commons-logging/commons-logging/1.0/commons-logging-1.0.jar:/Development/repository/commons-lang/commons-lang/2.2/commons-lang-2.2.jar:/Development/repository/junit/junit/3.8/junit-3.8.jar:/Development/repository/org/slf4j/slf4j-log4j12/1.5.2/slf4j-log4j12-1.5.2.jar:/Development/repository/log4j/log4j/1.2.14/log4j-1.2.14.jar:/Development/repository/org/openprovenance/opm-core/1.1.4-SNAPSHOT/opm-core-1.1.4-SNAPSHOT.jar:/Development/repository/javax/xml/bind/jaxb-api/2.1/jaxb-api-2.1.jar:/Development/repository/javax/xml/stream/stax-api/1.0-2/stax-api-1.0-2.jar:/Development/repository/javax/activation/activation/1.1/activation-1.1.jar:/Development/repository/com/sun/xml/bind/jaxb-impl/2.1.12/jaxb-impl-2.1.12.jar:/Development/repository/org/jvnet/jaxb2_commons/runtime/0.4.1.5/runtime-0.4.1.5.jar:/Development/repository/commons-jxpath/commons-jxpath/1.2/commons-jxpath-1.2.jar:/Development/repository/xml-apis/xml-apis/1.3.04/xml-apis-1.3.04.jar:/Development/repository/jdom/jdom/b9/jdom-b9.jar:/Development/repository/commons-beanutils/commons-beanutils/1.4/commons-beanutils-1.4.jar:/Development/repository/commons-collections/commons-collections/2.0/commons-collections-2.0.jar:/Development/repository/xerces/xercesImpl/2.9.1/xercesImpl-2.9.1.jar:"/>
    <property name="java.specification.name" value="Java Platform API Specification"/>
    <property name="java.class.version" value="50.0"/>
    <property name="sun.management.compiler" value="HotSpot Tiered Compilers"/>
    <property name="os.version" value="2.6.31-22-generic"/>
    <property name="user.home" value="/home/jamespjh"/>
    <property name="user.timezone" value=""/>
    <property name="java.awt.printerjob" value="sun.print.PSPrinterJob"/>
    <property name="file.encoding" value="UTF-8"/>
    <property name="java.specification.version" value="1.6"/>
    <property name="user.name" value="jamespjh"/>
    <property name="java.class.path" value="/home/jamespjh/devel/amee/provenance/provenance-java/target/test-classes:/home/jamespjh/devel/amee/provenance/provenance-java/target/classes:/Development/repository/org/openprovenance/opm-elmo/1.1.4-SNAPSHOT/opm-elmo-1.1.4-SNAPSHOT.jar:/Development/repository/org/openrdf/elmo/elmo-sesame/1.5/elmo-sesame-1.5.jar:/Development/repository/org/openrdf/elmo/elmo-core/1.5/elmo-core-1.5.jar:/Development/repository/org/openrdf/elmo/elmo-api/1.5/elmo-api-1.5.jar:/Development/repository/javax/persistence/persistence-api/1.0/persistence-api-1.0.jar:/Development/repository/jboss/javassist/3.7.ga/javassist-3.7.ga.jar:/Development/repository/org/slf4j/slf4j-api/1.5.0/slf4j-api-1.5.0.jar:/Development/repository/org/openrdf/elmo/elmo-repository/1.5/elmo-repository-1.5.jar:/Development/repository/org/openrdf/sesame/sesame-repository-api/2.3.0/sesame-repository-api-2.3.0.jar:/Development/repository/org/openrdf/sesame/sesame-query/2.3.0/sesame-query-2.3.0.jar:/Development/repository/org/openrdf/sesame/sesame-model/2.3.0/sesame-model-2.3.0.jar:/Development/repository/info/aduna/commons/aduna-commons-collections/2.6.0/aduna-commons-collections-2.6.0.jar:/Development/repository/info/aduna/commons/aduna-commons-concurrent/2.2/aduna-commons-concurrent-2.2.jar:/Development/repository/info/aduna/commons/aduna-commons-iteration/2.3/aduna-commons-iteration-2.3.jar:/Development/repository/info/aduna/commons/aduna-commons-i18n/1.2.0/aduna-commons-i18n-1.2.0.jar:/Development/repository/org/openrdf/sesame/sesame-rio-api/2.3.0/sesame-rio-api-2.3.0.jar:/Development/repository/info/aduna/commons/aduna-commons-lang/2.2/aduna-commons-lang-2.2.jar:/Development/repository/info/aduna/commons/aduna-commons-net/2.2/aduna-commons-net-2.2.jar:/Development/repository/info/aduna/commons/aduna-commons-text/2.2/aduna-commons-text-2.2.jar:/Development/repository/info/aduna/commons/aduna-commons-io/2.4/aduna-commons-io-2.4.jar:/Development/repository/org/openrdf/sesame/sesame-repository-event/2.2.4/sesame-repository-event-2.2.4.jar:/Development/repository/org/openrdf/sesame/sesame-repository-sail/2.2.4/sesame-repository-sail-2.2.4.jar:/Development/repository/org/openrdf/sesame/sesame-sail-api/2.3.0/sesame-sail-api-2.3.0.jar:/Development/repository/org/openrdf/sesame/sesame-queryalgebra-model/2.3.0/sesame-queryalgebra-model-2.3.0.jar:/Development/repository/org/openrdf/sesame/sesame-queryparser-api/2.3.0/sesame-queryparser-api-2.3.0.jar:/Development/repository/org/openrdf/sesame/sesame-repository-manager/2.2.4/sesame-repository-manager-2.2.4.jar:/Development/repository/org/openrdf/sesame/sesame-sail-memory/2.2.4/sesame-sail-memory-2.2.4.jar:/Development/repository/org/openrdf/sesame/sesame-sail-inferencer/2.3.0/sesame-sail-inferencer-2.3.0.jar:/Development/repository/org/openrdf/sesame/sesame-queryparser-serql/2.3.0/sesame-queryparser-serql-2.3.0.jar:/Development/repository/org/openrdf/sesame/sesame-queryalgebra-evaluation/2.2.4/sesame-queryalgebra-evaluation-2.2.4.jar:/Development/repository/org/openrdf/sesame/sesame-repository-http/2.3.0/sesame-repository-http-2.3.0.jar:/Development/repository/org/openrdf/sesame/sesame-http-client/2.3.0/sesame-http-client-2.3.0.jar:/Development/repository/org/openrdf/sesame/sesame-http-protocol/2.3.0/sesame-http-protocol-2.3.0.jar:/Development/repository/org/openrdf/sesame/sesame-rio-ntriples/2.3.0/sesame-rio-ntriples-2.3.0.jar:/Development/repository/info/aduna/commons/aduna-commons-xml/2.2/aduna-commons-xml-2.2.jar:/Development/repository/org/openrdf/sesame/sesame-queryresultio-api/2.3.0/sesame-queryresultio-api-2.3.0.jar:/Development/repository/commons-httpclient/commons-httpclient/3.1/commons-httpclient-3.1.jar:/Development/repository/commons-codec/commons-codec/1.3/commons-codec-1.3.jar:/Development/repository/org/slf4j/jcl104-over-slf4j/1.5.0/jcl104-over-slf4j-1.5.0.jar:/Development/repository/org/openrdf/sesame/sesame-rio-rdfxml/2.2.4/sesame-rio-rdfxml-2.2.4.jar:/Development/repository/org/openrdf/sesame/sesame-queryparser-sparql/2.2.4/sesame-queryparser-sparql-2.2.4.jar:/Development/repository/org/openrdf/sesame/sesame-rio-turtle/2.3.0/sesame-rio-turtle-2.3.0.jar:/Development/repository/info/aduna/commons/aduna-commons-platform-info/2.2/aduna-commons-platform-info-2.2.jar:/Development/repository/org/openrdf/sesame/sesame-repository-contextaware/2.2.4/sesame-repository-contextaware-2.2.4.jar:/Development/repository/org/openrdf/sesame/sesame-runtime/2.3.0/sesame-runtime-2.3.0.jar:/Development/repository/org/openrdf/sesame/sesame-queryresultio-binary/2.3.0/sesame-queryresultio-binary-2.3.0.jar:/Development/repository/org/openrdf/sesame/sesame-queryresultio-sparqljson/2.3.0/sesame-queryresultio-sparqljson-2.3.0.jar:/Development/repository/org/openrdf/sesame/sesame-queryresultio-sparqlxml/2.3.0/sesame-queryresultio-sparqlxml-2.3.0.jar:/Development/repository/org/openrdf/sesame/sesame-queryresultio-text/2.3.0/sesame-queryresultio-text-2.3.0.jar:/Development/repository/org/openrdf/sesame/sesame-repository-dataset/2.3.0/sesame-repository-dataset-2.3.0.jar:/Development/repository/org/openrdf/sesame/sesame-rio-n3/2.3.0/sesame-rio-n3-2.3.0.jar:/Development/repository/org/openrdf/sesame/sesame-rio-trix/2.3.0/sesame-rio-trix-2.3.0.jar:/Development/repository/org/openrdf/sesame/sesame-rio-trig/2.3.0/sesame-rio-trig-2.3.0.jar:/Development/repository/org/openrdf/sesame/sesame-sail-nativerdf/2.3.0/sesame-sail-nativerdf-2.3.0.jar:/Development/repository/org/openrdf/sesame/sesame-sail-rdbms/2.3.0/sesame-sail-rdbms-2.3.0.jar:/Development/repository/commons-dbcp/commons-dbcp/1.2.2/commons-dbcp-1.2.2.jar:/Development/repository/commons-pool/commons-pool/1.3/commons-pool-1.3.jar:/Development/repository/org/openrdf/elmo/elmo-codegen/1.5/elmo-codegen-1.5.jar:/Development/repository/org/openrdf/elmo/elmo-owl/1.5/elmo-owl-1.5.jar:/Development/repository/org/openrdf/elmo/elmo-rdfs/1.5/elmo-rdfs-1.5.jar:/Development/repository/commons-cli/commons-cli/1.0/commons-cli-1.0.jar:/Development/repository/commons-logging/commons-logging/1.0/commons-logging-1.0.jar:/Development/repository/commons-lang/commons-lang/2.2/commons-lang-2.2.jar:/Development/repository/junit/junit/3.8/junit-3.8.jar:/Development/repository/org/slf4j/slf4j-log4j12/1.5.2/slf4j-log4j12-1.5.2.jar:/Development/repository/log4j/log4j/1.2.14/log4j-1.2.14.jar:/Development/repository/org/openprovenance/opm-core/1.1.4-SNAPSHOT/opm-core-1.1.4-SNAPSHOT.jar:/Development/repository/javax/xml/bind/jaxb-api/2.1/jaxb-api-2.1.jar:/Development/repository/javax/xml/stream/stax-api/1.0-2/stax-api-1.0-2.jar:/Development/repository/javax/activation/activation/1.1/activation-1.1.jar:/Development/repository/com/sun/xml/bind/jaxb-impl/2.1.12/jaxb-impl-2.1.12.jar:/Development/repository/org/jvnet/jaxb2_commons/runtime/0.4.1.5/runtime-0.4.1.5.jar:/Development/repository/commons-jxpath/commons-jxpath/1.2/commons-jxpath-1.2.jar:/Development/repository/xml-apis/xml-apis/1.3.04/xml-apis-1.3.04.jar:/Development/repository/jdom/jdom/b9/jdom-b9.jar:/Development/repository/commons-beanutils/commons-beanutils/1.4/commons-beanutils-1.4.jar:/Development/repository/commons-collections/commons-collections/2.0/commons-collections-2.0.jar:/Development/repository/xerces/xercesImpl/2.9.1/xercesImpl-2.9.1.jar:"/>
    <property name="java.vm.specification.version" value="1.0"/>
    <property name="sun.arch.data.model" value="32"/>
    <property name="java.home" value="/usr/lib/jvm/java-6-sun-1.6.0.20/jre"/>
    <property name="java.specification.vendor" value="Sun Microsystems Inc."/>
    <property name="user.language" value="en"/>
    <property name="java.vm.info" value="mixed mode"/>
    <property name="java.version" value="1.6.0_20"/>
    <property name="java.ext.dirs" value="/usr/lib/jvm/java-6-sun-1.6.0.20/jre/lib/ext:/usr/java/packages/lib/ext"/>
    <property name="sun.boot.class.path" value="/usr/lib/jvm/java-6-sun-1.6.0.20/jre/lib/resources.jar:/usr/lib/jvm/java-6-sun-1.6.0.20/jre/lib/rt.jar:/usr/lib/jvm/java-6-sun-1.6.0.20/jre/lib/sunrsasign.jar:/usr/lib/jvm/java-6-sun-1.6.0.20/jre/lib/jsse.jar:/usr/lib/jvm/java-6-sun-1.6.0.20/jre/lib/jce.jar:/usr/lib/jvm/java-6-sun-1.6.0.20/jre/lib/charsets.jar:/usr/lib/jvm/java-6-sun-1.6.0.20/jre/classes"/>
    <property name="java.vendor" value="Sun Microsystems Inc."/>
    <property name="localRepository" value="/Development/repository"/>
    <property name="file.separator" value="/"/>
    <property name="java.vendor.url.bug" value="http://java.sun.com/cgi-bin/bugreport.cgi"/>
    <property name="sun.cpu.endian" value="little"/>
    <property name="sun.io.unicode.encoding" value="UnicodeLittle"/>
    <property name="sun.desktop" value="gnome"/>
    <property name="sun.cpu.isalist" value=""/>
  </properties>
  <testcase time="1.907" classname="com.amee.provenance.rdf2xmlTest" name="testConversion1">
    <error type="java.lang.NullPointerException">java.lang.NullPointerException
	at org.openprovenance.elmo.RdfOPMFactory.newRole(RdfOPMFactory.java:311)
	at org.openprovenance.elmo.RdfOPMFactory.newUsed(RdfOPMFactory.java:448)
	at org.openprovenance.elmo.RdfOPMFactory.newOPMGraph(RdfOPMFactory.java:577)
	at com.amee.provenance.AMEEOPMManager.&lt;init&gt;(AMEEOPMManager.java:57)
	at com.amee.provenance.rdf2xmlTest.testConversion1(rdf2xmlTest.java:9)
</error>
    <system-out>Hello! Name: {http://jira.amee.com/browse/ST-50/}graph
</system-out>
    <system-err>log4j:WARN No appenders could be found for logger (org.openrdf.sail.memory.MemoryStore).
log4j:WARN Please initialize the log4j system properly.
</system-err>
  </testcase>
</testsuite>